The target system is: Android - 21 - aarch64
The host system is: Linux - 3.13.0-24-generic - x86_64
Determining if the C compiler works passed with the following output:
Change Dir: /home/dw/workspace/MyApplication/jni/CMakeFiles/CMakeTmp

Run Build Command:"/usr/bin/make" "cmTC_75b3a/fast"
/usr/bin/make -f CMakeFiles/cmTC_75b3a.dir/build.make CMakeFiles/cmTC_75b3a.dir/build
make[1]: 正在进入目录 `/home/dw/workspace/MyApplication/jni/CMakeFiles/CMakeTmp'
Building C object CMakeFiles/cmTC_75b3a.dir/testCCompiler.c.o
/home/dw/java/android-ndk-r14b/toolchains/llvm/prebuilt/linux-x86_64/bin/clang  --target=aarch64-none-linux-android --gcc-toolchain=/home/dw/java/android-ndk-r14b/toolchains/aarch64-linux-android-4.9/prebuilt/linux-x86_64 --sysroot=/home/dw/java/android-ndk-r14b/platforms/android-21/arch-arm64   -g -DANDROID -ffunction-sections -funwind-tables -fstack-protector-strong -no-canonical-prefixes -Wa,--noexecstack -Wformat -Werror=format-security -g -DANDROID -ffunction-sections -funwind-tables -fstack-protector-strong -no-canonical-prefixes -Wa,--noexecstack -Wformat -Werror=format-security   -fPIE   -o CMakeFiles/cmTC_75b3a.dir/testCCompiler.c.o   -c /home/dw/workspace/MyApplication/jni/CMakeFiles/CMakeTmp/testCCompiler.c
Linking C executable cmTC_75b3a
/home/dw/java/adt-bundle-linux-x86_64-20140321/sdk/cmake/3.6.4111459/bin/cmake -E cmake_link_script CMakeFiles/cmTC_75b3a.dir/link.txt --verbose=1
/home/dw/java/android-ndk-r14b/toolchains/llvm/prebuilt/linux-x86_64/bin/clang  --target=aarch64-none-linux-android --gcc-toolchain=/home/dw/java/android-ndk-r14b/toolchains/aarch64-linux-android-4.9/prebuilt/linux-x86_64 --sysroot=/home/dw/java/android-ndk-r14b/platforms/android-21/arch-arm64 -g -DANDROID -ffunction-sections -funwind-tables -fstack-protector-strong -no-canonical-prefixes -Wa,--noexecstack -Wformat -Werror=format-security -g -DANDROID -ffunction-sections -funwind-tables -fstack-protector-strong -no-canonical-prefixes -Wa,--noexecstack -Wformat -Werror=format-security    -Wl,--build-id -Wl,--warn-shared-textrel -Wl,--fatal-warnings -L/home/dw/java/android-ndk-r14b/sources/cxx-stl/llvm-libc++/libs/arm64-v8a -Wl,--no-undefined -Wl,-z,noexecstack -Qunused-arguments -Wl,-z,relro -Wl,-z,now -Wl,--gc-sections -Wl,-z,nocopyreloc -pie -fPIE -Wl,--build-id -Wl,--warn-shared-textrel -Wl,--fatal-warnings -L/home/dw/java/android-ndk-r14b/sources/cxx-stl/llvm-libc++/libs/arm64-v8a -Wl,--no-undefined -Wl,-z,noexecstack -Qunused-arguments -Wl,-z,relro -Wl,-z,now -Wl,--gc-sections -Wl,-z,nocopyreloc -pie -fPIE   CMakeFiles/cmTC_75b3a.dir/testCCompiler.c.o  -o cmTC_75b3a -lm 
make[1]:正在离开目录 `/home/dw/workspace/MyApplication/jni/CMakeFiles/CMakeTmp'


Detecting C compiler ABI info compiled with the following output:
Change Dir: /home/dw/workspace/MyApplication/jni/CMakeFiles/CMakeTmp

Run Build Command:"/usr/bin/make" "cmTC_b4690/fast"
/usr/bin/make -f CMakeFiles/cmTC_b4690.dir/build.make CMakeFiles/cmTC_b4690.dir/build
make[1]: 正在进入目录 `/home/dw/workspace/MyApplication/jni/CMakeFiles/CMakeTmp'
Building C object CMakeFiles/cmTC_b4690.dir/CMakeCCompilerABI.c.o
/home/dw/java/android-ndk-r14b/toolchains/llvm/prebuilt/linux-x86_64/bin/clang  --target=aarch64-none-linux-android --gcc-toolchain=/home/dw/java/android-ndk-r14b/toolchains/aarch64-linux-android-4.9/prebuilt/linux-x86_64 --sysroot=/home/dw/java/android-ndk-r14b/platforms/android-21/arch-arm64   -g -DANDROID -ffunction-sections -funwind-tables -fstack-protector-strong -no-canonical-prefixes -Wa,--noexecstack -Wformat -Werror=format-security -g -DANDROID -ffunction-sections -funwind-tables -fstack-protector-strong -no-canonical-prefixes -Wa,--noexecstack -Wformat -Werror=format-security   -fPIE   -o CMakeFiles/cmTC_b4690.dir/CMakeCCompilerABI.c.o   -c /home/dw/java/adt-bundle-linux-x86_64-20140321/sdk/cmake/3.6.4111459/share/cmake-3.6/Modules/CMakeCCompilerABI.c
Linking C executable cmTC_b4690
/home/dw/java/adt-bundle-linux-x86_64-20140321/sdk/cmake/3.6.4111459/bin/cmake -E cmake_link_script CMakeFiles/cmTC_b4690.dir/link.txt --verbose=1
/home/dw/java/android-ndk-r14b/toolchains/llvm/prebuilt/linux-x86_64/bin/clang  --target=aarch64-none-linux-android --gcc-toolchain=/home/dw/java/android-ndk-r14b/toolchains/aarch64-linux-android-4.9/prebuilt/linux-x86_64 --sysroot=/home/dw/java/android-ndk-r14b/platforms/android-21/arch-arm64 -g -DANDROID -ffunction-sections -funwind-tables -fstack-protector-strong -no-canonical-prefixes -Wa,--noexecstack -Wformat -Werror=format-security -g -DANDROID -ffunction-sections -funwind-tables -fstack-protector-strong -no-canonical-prefixes -Wa,--noexecstack -Wformat -Werror=format-security    -Wl,--build-id -Wl,--warn-shared-textrel -Wl,--fatal-warnings -L/home/dw/java/android-ndk-r14b/sources/cxx-stl/llvm-libc++/libs/arm64-v8a -Wl,--no-undefined -Wl,-z,noexecstack -Qunused-arguments -Wl,-z,relro -Wl,-z,now -Wl,--gc-sections -Wl,-z,nocopyreloc -pie -fPIE -Wl,--build-id -Wl,--warn-shared-textrel -Wl,--fatal-warnings -L/home/dw/java/android-ndk-r14b/sources/cxx-stl/llvm-libc++/libs/arm64-v8a -Wl,--no-undefined -Wl,-z,noexecstack -Qunused-arguments -Wl,-z,relro -Wl,-z,now -Wl,--gc-sections -Wl,-z,nocopyreloc -pie -fPIE  -v CMakeFiles/cmTC_b4690.dir/CMakeCCompilerABI.c.o  -o cmTC_b4690  
Android clang version 3.8.275480  (based on LLVM 3.8.275480)
Target: aarch64-none-linux-android
Thread model: posix
InstalledDir: /home/dw/java/android-ndk-r14b/toolchains/llvm/prebuilt/linux-x86_64/bin
Found candidate GCC installation: /home/dw/java/android-ndk-r14b/toolchains/aarch64-linux-android-4.9/prebuilt/linux-x86_64/lib/gcc/aarch64-linux-android/4.9.x
Selected GCC installation: /home/dw/java/android-ndk-r14b/toolchains/aarch64-linux-android-4.9/prebuilt/linux-x86_64/lib/gcc/aarch64-linux-android/4.9.x
Candidate multilib: .;@m64
Selected multilib: .;@m64
 "/home/dw/java/android-ndk-r14b/toolchains/aarch64-linux-android-4.9/prebuilt/linux-x86_64/lib/gcc/aarch64-linux-android/4.9.x/../../../../aarch64-linux-android/bin/ld" --sysroot=/home/dw/java/android-ndk-r14b/platforms/android-21/arch-arm64 -pie -z relro --eh-frame-hdr -m aarch64linux -dynamic-linker /system/bin/linker64 -o cmTC_b4690 /home/dw/java/android-ndk-r14b/platforms/android-21/arch-arm64/usr/lib/crtbegin_dynamic.o -L/home/dw/java/android-ndk-r14b/sources/cxx-stl/llvm-libc++/libs/arm64-v8a -L/home/dw/java/android-ndk-r14b/sources/cxx-stl/llvm-libc++/libs/arm64-v8a -L/home/dw/java/android-ndk-r14b/toolchains/aarch64-linux-android-4.9/prebuilt/linux-x86_64/lib/gcc/aarch64-linux-android/4.9.x -L/home/dw/java/android-ndk-r14b/toolchains/aarch64-linux-android-4.9/prebuilt/linux-x86_64/lib/gcc/aarch64-linux-android/4.9.x/../../../../aarch64-linux-android/lib/../lib64 -L/home/dw/java/android-ndk-r14b/toolchains/aarch64-linux-android-4.9/prebuilt/linux-x86_64/lib/gcc/aarch64-linux-android/4.9.x/../../../../aarch64-linux-android/lib -L/home/dw/java/android-ndk-r14b/platforms/android-21/arch-arm64/usr/lib --build-id --warn-shared-textrel --fatal-warnings --no-undefined -z noexecstack -z relro -z now --gc-sections -z nocopyreloc --build-id --warn-shared-textrel --fatal-warnings --no-undefined -z noexecstack -z relro -z now --gc-sections -z nocopyreloc CMakeFiles/cmTC_b4690.dir/CMakeCCompilerABI.c.o -lgcc -ldl -lc -lgcc -ldl /home/dw/java/android-ndk-r14b/platforms/android-21/arch-arm64/usr/lib/crtend_android.o
make[1]:正在离开目录 `/home/dw/workspace/MyApplication/jni/CMakeFiles/CMakeTmp'


Parsed C implicit link information from above output:
  link line regex: [^( *|.*[/\])(aarch64-linux-android-ld|([^/\]+-)?ld|collect2)[^/\]*( |$)]
  ignore line: [Change Dir: /home/dw/workspace/MyApplication/jni/CMakeFiles/CMakeTmp]
  ignore line: []
  ignore line: [Run Build Command:"/usr/bin/make" "cmTC_b4690/fast"]
  ignore line: [/usr/bin/make -f CMakeFiles/cmTC_b4690.dir/build.make CMakeFiles/cmTC_b4690.dir/build]
  ignore line: [make[1]: 正在进入目录 `/home/dw/workspace/MyApplication/jni/CMakeFiles/CMakeTmp']
  ignore line: [Building C object CMakeFiles/cmTC_b4690.dir/CMakeCCompilerABI.c.o]
  ignore line: [/home/dw/java/android-ndk-r14b/toolchains/llvm/prebuilt/linux-x86_64/bin/clang  --target=aarch64-none-linux-android --gcc-toolchain=/home/dw/java/android-ndk-r14b/toolchains/aarch64-linux-android-4.9/prebuilt/linux-x86_64 --sysroot=/home/dw/java/android-ndk-r14b/platforms/android-21/arch-arm64   -g -DANDROID -ffunction-sections -funwind-tables -fstack-protector-strong -no-canonical-prefixes -Wa,--noexecstack -Wformat -Werror=format-security -g -DANDROID -ffunction-sections -funwind-tables -fstack-protector-strong -no-canonical-prefixes -Wa,--noexecstack -Wformat -Werror=format-security   -fPIE   -o CMakeFiles/cmTC_b4690.dir/CMakeCCompilerABI.c.o   -c /home/dw/java/adt-bundle-linux-x86_64-20140321/sdk/cmake/3.6.4111459/share/cmake-3.6/Modules/CMakeCCompilerABI.c]
  ignore line: [Linking C executable cmTC_b4690]
  ignore line: [/home/dw/java/adt-bundle-linux-x86_64-20140321/sdk/cmake/3.6.4111459/bin/cmake -E cmake_link_script CMakeFiles/cmTC_b4690.dir/link.txt --verbose=1]
  ignore line: [/home/dw/java/android-ndk-r14b/toolchains/llvm/prebuilt/linux-x86_64/bin/clang  --target=aarch64-none-linux-android --gcc-toolchain=/home/dw/java/android-ndk-r14b/toolchains/aarch64-linux-android-4.9/prebuilt/linux-x86_64 --sysroot=/home/dw/java/android-ndk-r14b/platforms/android-21/arch-arm64 -g -DANDROID -ffunction-sections -funwind-tables -fstack-protector-strong -no-canonical-prefixes -Wa,--noexecstack -Wformat -Werror=format-security -g -DANDROID -ffunction-sections -funwind-tables -fstack-protector-strong -no-canonical-prefixes -Wa,--noexecstack -Wformat -Werror=format-security    -Wl,--build-id -Wl,--warn-shared-textrel -Wl,--fatal-warnings -L/home/dw/java/android-ndk-r14b/sources/cxx-stl/llvm-libc++/libs/arm64-v8a -Wl,--no-undefined -Wl,-z,noexecstack -Qunused-arguments -Wl,-z,relro -Wl,-z,now -Wl,--gc-sections -Wl,-z,nocopyreloc -pie -fPIE -Wl,--build-id -Wl,--warn-shared-textrel -Wl,--fatal-warnings -L/home/dw/java/android-ndk-r14b/sources/cxx-stl/llvm-libc++/libs/arm64-v8a -Wl,--no-undefined -Wl,-z,noexecstack -Qunused-arguments -Wl,-z,relro -Wl,-z,now -Wl,--gc-sections -Wl,-z,nocopyreloc -pie -fPIE  -v CMakeFiles/cmTC_b4690.dir/CMakeCCompilerABI.c.o  -o cmTC_b4690  ]
  ignore line: [Android clang version 3.8.275480  (based on LLVM 3.8.275480)]
  ignore line: [Target: aarch64-none-linux-android]
  ignore line: [Thread model: posix]
  ignore line: [InstalledDir: /home/dw/java/android-ndk-r14b/toolchains/llvm/prebuilt/linux-x86_64/bin]
  ignore line: [Found candidate GCC installation: /home/dw/java/android-ndk-r14b/toolchains/aarch64-linux-android-4.9/prebuilt/linux-x86_64/lib/gcc/aarch64-linux-android/4.9.x]
  ignore line: [Selected GCC installation: /home/dw/java/android-ndk-r14b/toolchains/aarch64-linux-android-4.9/prebuilt/linux-x86_64/lib/gcc/aarch64-linux-android/4.9.x]
  ignore line: [Candidate multilib: .]
  ignore line: [@m64]
  ignore line: [Selected multilib: .]
  ignore line: [@m64]
  link line: [ "/home/dw/java/android-ndk-r14b/toolchains/aarch64-linux-android-4.9/prebuilt/linux-x86_64/lib/gcc/aarch64-linux-android/4.9.x/../../../../aarch64-linux-android/bin/ld" --sysroot=/home/dw/java/android-ndk-r14b/platforms/android-21/arch-arm64 -pie -z relro --eh-frame-hdr -m aarch64linux -dynamic-linker /system/bin/linker64 -o cmTC_b4690 /home/dw/java/android-ndk-r14b/platforms/android-21/arch-arm64/usr/lib/crtbegin_dynamic.o -L/home/dw/java/android-ndk-r14b/sources/cxx-stl/llvm-libc++/libs/arm64-v8a -L/home/dw/java/android-ndk-r14b/sources/cxx-stl/llvm-libc++/libs/arm64-v8a -L/home/dw/java/android-ndk-r14b/toolchains/aarch64-linux-android-4.9/prebuilt/linux-x86_64/lib/gcc/aarch64-linux-android/4.9.x -L/home/dw/java/android-ndk-r14b/toolchains/aarch64-linux-android-4.9/prebuilt/linux-x86_64/lib/gcc/aarch64-linux-android/4.9.x/../../../../aarch64-linux-android/lib/../lib64 -L/home/dw/java/android-ndk-r14b/toolchains/aarch64-linux-android-4.9/prebuilt/linux-x86_64/lib/gcc/aarch64-linux-android/4.9.x/../../../../aarch64-linux-android/lib -L/home/dw/java/android-ndk-r14b/platforms/android-21/arch-arm64/usr/lib --build-id --warn-shared-textrel --fatal-warnings --no-undefined -z noexecstack -z relro -z now --gc-sections -z nocopyreloc --build-id --warn-shared-textrel --fatal-warnings --no-undefined -z noexecstack -z relro -z now --gc-sections -z nocopyreloc CMakeFiles/cmTC_b4690.dir/CMakeCCompilerABI.c.o -lgcc -ldl -lc -lgcc -ldl /home/dw/java/android-ndk-r14b/platforms/android-21/arch-arm64/usr/lib/crtend_android.o]
    arg [/home/dw/java/android-ndk-r14b/toolchains/aarch64-linux-android-4.9/prebuilt/linux-x86_64/lib/gcc/aarch64-linux-android/4.9.x/../../../../aarch64-linux-android/bin/ld] ==> ignore
    arg [--sysroot=/home/dw/java/android-ndk-r14b/platforms/android-21/arch-arm64] ==> ignore
    arg [-pie] ==> ignore
    arg [-zrelro] ==> ignore
    arg [--eh-frame-hdr] ==> ignore
    arg [-m] ==> ignore
    arg [aarch64linux] ==> ignore
    arg [-dynamic-linker] ==> ignore
    arg [/system/bin/linker64] ==> ignore
    arg [-o] ==> ignore
    arg [cmTC_b4690] ==> ignore
    arg [/home/dw/java/android-ndk-r14b/platforms/android-21/arch-arm64/usr/lib/crtbegin_dynamic.o] ==> ignore
    arg [-L/home/dw/java/android-ndk-r14b/sources/cxx-stl/llvm-libc++/libs/arm64-v8a] ==> dir [/home/dw/java/android-ndk-r14b/sources/cxx-stl/llvm-libc++/libs/arm64-v8a]
    arg [-L/home/dw/java/android-ndk-r14b/sources/cxx-stl/llvm-libc++/libs/arm64-v8a] ==> dir [/home/dw/java/android-ndk-r14b/sources/cxx-stl/llvm-libc++/libs/arm64-v8a]
    arg [-L/home/dw/java/android-ndk-r14b/toolchains/aarch64-linux-android-4.9/prebuilt/linux-x86_64/lib/gcc/aarch64-linux-android/4.9.x] ==> dir [/home/dw/java/android-ndk-r14b/toolchains/aarch64-linux-android-4.9/prebuilt/linux-x86_64/lib/gcc/aarch64-linux-android/4.9.x]
    arg [-L/home/dw/java/android-ndk-r14b/toolchains/aarch64-linux-android-4.9/prebuilt/linux-x86_64/lib/gcc/aarch64-linux-android/4.9.x/../../../../aarch64-linux-android/lib/../lib64] ==> dir [/home/dw/java/android-ndk-r14b/toolchains/aarch64-linux-android-4.9/prebuilt/linux-x86_64/lib/gcc/aarch64-linux-android/4.9.x/../../../../aarch64-linux-android/lib/../lib64]
    arg [-L/home/dw/java/android-ndk-r14b/toolchains/aarch64-linux-android-4.9/prebuilt/linux-x86_64/lib/gcc/aarch64-linux-android/4.9.x/../../../../aarch64-linux-android/lib] ==> dir [/home/dw/java/android-ndk-r14b/toolchains/aarch64-linux-android-4.9/prebuilt/linux-x86_64/lib/gcc/aarch64-linux-android/4.9.x/../../../../aarch64-linux-android/lib]
    arg [-L/home/dw/java/android-ndk-r14b/platforms/android-21/arch-arm64/usr/lib] ==> dir [/home/dw/java/android-ndk-r14b/platforms/android-21/arch-arm64/usr/lib]
    arg [--build-id] ==> ignore
    arg [--warn-shared-textrel] ==> ignore
    arg [--fatal-warnings] ==> ignore
    arg [--no-undefined] ==> ignore
    arg [-znoexecstack] ==> ignore
    arg [-zrelro] ==> ignore
    arg [-znow] ==> ignore
    arg [--gc-sections] ==> ignore
    arg [-znocopyreloc] ==> ignore
    arg [--build-id] ==> ignore
    arg [--warn-shared-textrel] ==> ignore
    arg [--fatal-warnings] ==> ignore
    arg [--no-undefined] ==> ignore
    arg [-znoexecstack] ==> ignore
    arg [-zrelro] ==> ignore
    arg [-znow] ==> ignore
    arg [--gc-sections] ==> ignore
    arg [-znocopyreloc] ==> ignore
    arg [CMakeFiles/cmTC_b4690.dir/CMakeCCompilerABI.c.o] ==> ignore
    arg [-lgcc] ==> lib [gcc]
    arg [-ldl] ==> lib [dl]
    arg [-lc] ==> lib [c]
    arg [-lgcc] ==> lib [gcc]
    arg [-ldl] ==> lib [dl]
    arg [/home/dw/java/android-ndk-r14b/platforms/android-21/arch-arm64/usr/lib/crtend_android.o] ==> ignore
  remove lib [gcc]
  remove lib [gcc]
  collapse library dir [/home/dw/java/android-ndk-r14b/sources/cxx-stl/llvm-libc++/libs/arm64-v8a] ==> [/home/dw/java/android-ndk-r14b/sources/cxx-stl/llvm-libc++/libs/arm64-v8a]
  collapse library dir [/home/dw/java/android-ndk-r14b/sources/cxx-stl/llvm-libc++/libs/arm64-v8a] ==> [/home/dw/java/android-ndk-r14b/sources/cxx-stl/llvm-libc++/libs/arm64-v8a]
  collapse library dir [/home/dw/java/android-ndk-r14b/toolchains/aarch64-linux-android-4.9/prebuilt/linux-x86_64/lib/gcc/aarch64-linux-android/4.9.x] ==> [/home/dw/java/android-ndk-r14b/toolchains/aarch64-linux-android-4.9/prebuilt/linux-x86_64/lib/gcc/aarch64-linux-android/4.9.x]
  collapse library dir [/home/dw/java/android-ndk-r14b/toolchains/aarch64-linux-android-4.9/prebuilt/linux-x86_64/lib/gcc/aarch64-linux-android/4.9.x/../../../../aarch64-linux-android/lib/../lib64] ==> [/home/dw/java/android-ndk-r14b/toolchains/aarch64-linux-android-4.9/prebuilt/linux-x86_64/aarch64-linux-android/lib64]
  collapse library dir [/home/dw/java/android-ndk-r14b/toolchains/aarch64-linux-android-4.9/prebuilt/linux-x86_64/lib/gcc/aarch64-linux-android/4.9.x/../../../../aarch64-linux-android/lib] ==> [/home/dw/java/android-ndk-r14b/toolchains/aarch64-linux-android-4.9/prebuilt/linux-x86_64/aarch64-linux-android/lib]
  collapse library dir [/home/dw/java/android-ndk-r14b/platforms/android-21/arch-arm64/usr/lib] ==> [/home/dw/java/android-ndk-r14b/platforms/android-21/arch-arm64/usr/lib]
  implicit libs: [dl;c;dl]
  implicit dirs: [/home/dw/java/android-ndk-r14b/sources/cxx-stl/llvm-libc++/libs/arm64-v8a;/home/dw/java/android-ndk-r14b/toolchains/aarch64-linux-android-4.9/prebuilt/linux-x86_64/lib/gcc/aarch64-linux-android/4.9.x;/home/dw/java/android-ndk-r14b/toolchains/aarch64-linux-android-4.9/prebuilt/linux-x86_64/aarch64-linux-android/lib64;/home/dw/java/android-ndk-r14b/toolchains/aarch64-linux-android-4.9/prebuilt/linux-x86_64/aarch64-linux-android/lib;/home/dw/java/android-ndk-r14b/platforms/android-21/arch-arm64/usr/lib]
  implicit fwks: []




Detecting C [-std=c11] compiler features compiled with the following output:
Change Dir: /home/dw/workspace/MyApplication/jni/CMakeFiles/CMakeTmp

Run Build Command:"/usr/bin/make" "cmTC_950e6/fast"
/usr/bin/make -f CMakeFiles/cmTC_950e6.dir/build.make CMakeFiles/cmTC_950e6.dir/build
make[1]: 正在进入目录 `/home/dw/workspace/MyApplication/jni/CMakeFiles/CMakeTmp'
Building C object CMakeFiles/cmTC_950e6.dir/feature_tests.c.o
/home/dw/java/android-ndk-r14b/toolchains/llvm/prebuilt/linux-x86_64/bin/clang  --target=aarch64-none-linux-android --gcc-toolchain=/home/dw/java/android-ndk-r14b/toolchains/aarch64-linux-android-4.9/prebuilt/linux-x86_64 --sysroot=/home/dw/java/android-ndk-r14b/platforms/android-21/arch-arm64   -g -DANDROID -ffunction-sections -funwind-tables -fstack-protector-strong -no-canonical-prefixes -Wa,--noexecstack -Wformat -Werror=format-security -g -DANDROID -ffunction-sections -funwind-tables -fstack-protector-strong -no-canonical-prefixes -Wa,--noexecstack -Wformat -Werror=format-security   -fPIE   -std=c11 -o CMakeFiles/cmTC_950e6.dir/feature_tests.c.o   -c /home/dw/workspace/MyApplication/jni/CMakeFiles/feature_tests.c
Linking C executable cmTC_950e6
/home/dw/java/adt-bundle-linux-x86_64-20140321/sdk/cmake/3.6.4111459/bin/cmake -E cmake_link_script CMakeFiles/cmTC_950e6.dir/link.txt --verbose=1
/home/dw/java/android-ndk-r14b/toolchains/llvm/prebuilt/linux-x86_64/bin/clang  --target=aarch64-none-linux-android --gcc-toolchain=/home/dw/java/android-ndk-r14b/toolchains/aarch64-linux-android-4.9/prebuilt/linux-x86_64 --sysroot=/home/dw/java/android-ndk-r14b/platforms/android-21/arch-arm64 -g -DANDROID -ffunction-sections -funwind-tables -fstack-protector-strong -no-canonical-prefixes -Wa,--noexecstack -Wformat -Werror=format-security -g -DANDROID -ffunction-sections -funwind-tables -fstack-protector-strong -no-canonical-prefixes -Wa,--noexecstack -Wformat -Werror=format-security    -Wl,--build-id -Wl,--warn-shared-textrel -Wl,--fatal-warnings -L/home/dw/java/android-ndk-r14b/sources/cxx-stl/llvm-libc++/libs/arm64-v8a -Wl,--no-undefined -Wl,-z,noexecstack -Qunused-arguments -Wl,-z,relro -Wl,-z,now -Wl,--gc-sections -Wl,-z,nocopyreloc -pie -fPIE -Wl,--build-id -Wl,--warn-shared-textrel -Wl,--fatal-warnings -L/home/dw/java/android-ndk-r14b/sources/cxx-stl/llvm-libc++/libs/arm64-v8a -Wl,--no-undefined -Wl,-z,noexecstack -Qunused-arguments -Wl,-z,relro -Wl,-z,now -Wl,--gc-sections -Wl,-z,nocopyreloc -pie -fPIE   CMakeFiles/cmTC_950e6.dir/feature_tests.c.o  -o cmTC_950e6 -lm 
make[1]:正在离开目录 `/home/dw/workspace/MyApplication/jni/CMakeFiles/CMakeTmp'


    Feature record: C_FEATURE:1c_function_prototypes
    Feature record: C_FEATURE:1c_restrict
    Feature record: C_FEATURE:1c_static_assert
    Feature record: C_FEATURE:1c_variadic_macros


Detecting C [-std=c99] compiler features compiled with the following output:
Change Dir: /home/dw/workspace/MyApplication/jni/CMakeFiles/CMakeTmp

Run Build Command:"/usr/bin/make" "cmTC_8b020/fast"
/usr/bin/make -f CMakeFiles/cmTC_8b020.dir/build.make CMakeFiles/cmTC_8b020.dir/build
make[1]: 正在进入目录 `/home/dw/workspace/MyApplication/jni/CMakeFiles/CMakeTmp'
Building C object CMakeFiles/cmTC_8b020.dir/feature_tests.c.o
/home/dw/java/android-ndk-r14b/toolchains/llvm/prebuilt/linux-x86_64/bin/clang  --target=aarch64-none-linux-android --gcc-toolchain=/home/dw/java/android-ndk-r14b/toolchains/aarch64-linux-android-4.9/prebuilt/linux-x86_64 --sysroot=/home/dw/java/android-ndk-r14b/platforms/android-21/arch-arm64   -g -DANDROID -ffunction-sections -funwind-tables -fstack-protector-strong -no-canonical-prefixes -Wa,--noexecstack -Wformat -Werror=format-security -g -DANDROID -ffunction-sections -funwind-tables -fstack-protector-strong -no-canonical-prefixes -Wa,--noexecstack -Wformat -Werror=format-security   -fPIE   -std=c99 -o CMakeFiles/cmTC_8b020.dir/feature_tests.c.o   -c /home/dw/workspace/MyApplication/jni/CMakeFiles/feature_tests.c
Linking C executable cmTC_8b020
/home/dw/java/adt-bundle-linux-x86_64-20140321/sdk/cmake/3.6.4111459/bin/cmake -E cmake_link_script CMakeFiles/cmTC_8b020.dir/link.txt --verbose=1
/home/dw/java/android-ndk-r14b/toolchains/llvm/prebuilt/linux-x86_64/bin/clang  --target=aarch64-none-linux-android --gcc-toolchain=/home/dw/java/android-ndk-r14b/toolchains/aarch64-linux-android-4.9/prebuilt/linux-x86_64 --sysroot=/home/dw/java/android-ndk-r14b/platforms/android-21/arch-arm64 -g -DANDROID -ffunction-sections -funwind-tables -fstack-protector-strong -no-canonical-prefixes -Wa,--noexecstack -Wformat -Werror=format-security -g -DANDROID -ffunction-sections -funwind-tables -fstack-protector-strong -no-canonical-prefixes -Wa,--noexecstack -Wformat -Werror=format-security    -Wl,--build-id -Wl,--warn-shared-textrel -Wl,--fatal-warnings -L/home/dw/java/android-ndk-r14b/sources/cxx-stl/llvm-libc++/libs/arm64-v8a -Wl,--no-undefined -Wl,-z,noexecstack -Qunused-arguments -Wl,-z,relro -Wl,-z,now -Wl,--gc-sections -Wl,-z,nocopyreloc -pie -fPIE -Wl,--build-id -Wl,--warn-shared-textrel -Wl,--fatal-warnings -L/home/dw/java/android-ndk-r14b/sources/cxx-stl/llvm-libc++/libs/arm64-v8a -Wl,--no-undefined -Wl,-z,noexecstack -Qunused-arguments -Wl,-z,relro -Wl,-z,now -Wl,--gc-sections -Wl,-z,nocopyreloc -pie -fPIE   CMakeFiles/cmTC_8b020.dir/feature_tests.c.o  -o cmTC_8b020 -lm 
make[1]:正在离开目录 `/home/dw/workspace/MyApplication/jni/CMakeFiles/CMakeTmp'


    Feature record: C_FEATURE:1c_function_prototypes
    Feature record: C_FEATURE:1c_restrict
    Feature record: C_FEATURE:0c_static_assert
    Feature record: C_FEATURE:1c_variadic_macros


Detecting C [-std=c90] compiler features compiled with the following output:
Change Dir: /home/dw/workspace/MyApplication/jni/CMakeFiles/CMakeTmp

Run Build Command:"/usr/bin/make" "cmTC_d51ed/fast"
/usr/bin/make -f CMakeFiles/cmTC_d51ed.dir/build.make CMakeFiles/cmTC_d51ed.dir/build
make[1]: 正在进入目录 `/home/dw/workspace/MyApplication/jni/CMakeFiles/CMakeTmp'
Building C object CMakeFiles/cmTC_d51ed.dir/feature_tests.c.o
/home/dw/java/android-ndk-r14b/toolchains/llvm/prebuilt/linux-x86_64/bin/clang  --target=aarch64-none-linux-android --gcc-toolchain=/home/dw/java/android-ndk-r14b/toolchains/aarch64-linux-android-4.9/prebuilt/linux-x86_64 --sysroot=/home/dw/java/android-ndk-r14b/platforms/android-21/arch-arm64   -g -DANDROID -ffunction-sections -funwind-tables -fstack-protector-strong -no-canonical-prefixes -Wa,--noexecstack -Wformat -Werror=format-security -g -DANDROID -ffunction-sections -funwind-tables -fstack-protector-strong -no-canonical-prefixes -Wa,--noexecstack -Wformat -Werror=format-security   -fPIE   -std=c90 -o CMakeFiles/cmTC_d51ed.dir/feature_tests.c.o   -c /home/dw/workspace/MyApplication/jni/CMakeFiles/feature_tests.c
Linking C executable cmTC_d51ed
/home/dw/java/adt-bundle-linux-x86_64-20140321/sdk/cmake/3.6.4111459/bin/cmake -E cmake_link_script CMakeFiles/cmTC_d51ed.dir/link.txt --verbose=1
/home/dw/java/android-ndk-r14b/toolchains/llvm/prebuilt/linux-x86_64/bin/clang  --target=aarch64-none-linux-android --gcc-toolchain=/home/dw/java/android-ndk-r14b/toolchains/aarch64-linux-android-4.9/prebuilt/linux-x86_64 --sysroot=/home/dw/java/android-ndk-r14b/platforms/android-21/arch-arm64 -g -DANDROID -ffunction-sections -funwind-tables -fstack-protector-strong -no-canonical-prefixes -Wa,--noexecstack -Wformat -Werror=format-security -g -DANDROID -ffunction-sections -funwind-tables -fstack-protector-strong -no-canonical-prefixes -Wa,--noexecstack -Wformat -Werror=format-security    -Wl,--build-id -Wl,--warn-shared-textrel -Wl,--fatal-warnings -L/home/dw/java/android-ndk-r14b/sources/cxx-stl/llvm-libc++/libs/arm64-v8a -Wl,--no-undefined -Wl,-z,noexecstack -Qunused-arguments -Wl,-z,relro -Wl,-z,now -Wl,--gc-sections -Wl,-z,nocopyreloc -pie -fPIE -Wl,--build-id -Wl,--warn-shared-textrel -Wl,--fatal-warnings -L/home/dw/java/android-ndk-r14b/sources/cxx-stl/llvm-libc++/libs/arm64-v8a -Wl,--no-undefined -Wl,-z,noexecstack -Qunused-arguments -Wl,-z,relro -Wl,-z,now -Wl,--gc-sections -Wl,-z,nocopyreloc -pie -fPIE   CMakeFiles/cmTC_d51ed.dir/feature_tests.c.o  -o cmTC_d51ed -lm 
make[1]:正在离开目录 `/home/dw/workspace/MyApplication/jni/CMakeFiles/CMakeTmp'


    Feature record: C_FEATURE:1c_function_prototypes
    Feature record: C_FEATURE:0c_restrict
    Feature record: C_FEATURE:0c_static_assert
    Feature record: C_FEATURE:0c_variadic_macros
Determining if the CXX compiler works passed with the following output:
Change Dir: /home/dw/workspace/MyApplication/jni/CMakeFiles/CMakeTmp

Run Build Command:"/usr/bin/make" "cmTC_7a8e8/fast"
/usr/bin/make -f CMakeFiles/cmTC_7a8e8.dir/build.make CMakeFiles/cmTC_7a8e8.dir/build
make[1]: 正在进入目录 `/home/dw/workspace/MyApplication/jni/CMakeFiles/CMakeTmp'
Building CXX object CMakeFiles/cmTC_7a8e8.dir/testCXXCompiler.cxx.o
/home/dw/java/android-ndk-r14b/toolchains/llvm/prebuilt/linux-x86_64/bin/clang++  --target=aarch64-none-linux-android --gcc-toolchain=/home/dw/java/android-ndk-r14b/toolchains/aarch64-linux-android-4.9/prebuilt/linux-x86_64 --sysroot=/home/dw/java/android-ndk-r14b/platforms/android-21/arch-arm64   -isystem /home/dw/java/android-ndk-r14b/sources/cxx-stl/llvm-libc++/include -isystem /home/dw/java/android-ndk-r14b/sources/android/support/include -isystem /home/dw/java/android-ndk-r14b/sources/cxx-stl/llvm-libc++abi/include  -g -DANDROID -ffunction-sections -funwind-tables -fstack-protector-strong -no-canonical-prefixes -Wa,--noexecstack -Wformat -Werror=format-security -std=c++11 -g -DANDROID -ffunction-sections -funwind-tables -fstack-protector-strong -no-canonical-prefixes -Wa,--noexecstack -Wformat -Werror=format-security -std=c++11 -frtti -fexceptions --sysroot=/home/dw/java/android-ndk-r14b/platforms/android-21/arch-arm64  -fPIE   -o CMakeFiles/cmTC_7a8e8.dir/testCXXCompiler.cxx.o -c /home/dw/workspace/MyApplication/jni/CMakeFiles/CMakeTmp/testCXXCompiler.cxx
Linking CXX executable cmTC_7a8e8
/home/dw/java/adt-bundle-linux-x86_64-20140321/sdk/cmake/3.6.4111459/bin/cmake -E cmake_link_script CMakeFiles/cmTC_7a8e8.dir/link.txt --verbose=1
/home/dw/java/android-ndk-r14b/toolchains/llvm/prebuilt/linux-x86_64/bin/clang++  --target=aarch64-none-linux-android --gcc-toolchain=/home/dw/java/android-ndk-r14b/toolchains/aarch64-linux-android-4.9/prebuilt/linux-x86_64 --sysroot=/home/dw/java/android-ndk-r14b/platforms/android-21/arch-arm64  -g -DANDROID -ffunction-sections -funwind-tables -fstack-protector-strong -no-canonical-prefixes -Wa,--noexecstack -Wformat -Werror=format-security -std=c++11 -g -DANDROID -ffunction-sections -funwind-tables -fstack-protector-strong -no-canonical-prefixes -Wa,--noexecstack -Wformat -Werror=format-security -std=c++11 -frtti -fexceptions --sysroot=/home/dw/java/android-ndk-r14b/platforms/android-21/arch-arm64   -Wl,--build-id -Wl,--warn-shared-textrel -Wl,--fatal-warnings -L/home/dw/java/android-ndk-r14b/sources/cxx-stl/llvm-libc++/libs/arm64-v8a -Wl,--no-undefined -Wl,-z,noexecstack -Qunused-arguments -Wl,-z,relro -Wl,-z,now -Wl,--gc-sections -Wl,-z,nocopyreloc -pie -fPIE -Wl,--build-id -Wl,--warn-shared-textrel -Wl,--fatal-warnings -L/home/dw/java/android-ndk-r14b/sources/cxx-stl/llvm-libc++/libs/arm64-v8a -Wl,--no-undefined -Wl,-z,noexecstack -Qunused-arguments -Wl,-z,relro -Wl,-z,now -Wl,--gc-sections -Wl,-z,nocopyreloc -pie -fPIE   CMakeFiles/cmTC_7a8e8.dir/testCXXCompiler.cxx.o  -o cmTC_7a8e8 -lm "/home/dw/java/android-ndk-r14b/sources/cxx-stl/llvm-libc++/libs/arm64-v8a/libc++.a" 
make[1]:正在离开目录 `/home/dw/workspace/MyApplication/jni/CMakeFiles/CMakeTmp'


Detecting CXX compiler ABI info compiled with the following output:
Change Dir: /home/dw/workspace/MyApplication/jni/CMakeFiles/CMakeTmp

Run Build Command:"/usr/bin/make" "cmTC_42dda/fast"
/usr/bin/make -f CMakeFiles/cmTC_42dda.dir/build.make CMakeFiles/cmTC_42dda.dir/build
make[1]: 正在进入目录 `/home/dw/workspace/MyApplication/jni/CMakeFiles/CMakeTmp'
Building CXX object CMakeFiles/cmTC_42dda.dir/CMakeCXXCompilerABI.cpp.o
/home/dw/java/android-ndk-r14b/toolchains/llvm/prebuilt/linux-x86_64/bin/clang++  --target=aarch64-none-linux-android --gcc-toolchain=/home/dw/java/android-ndk-r14b/toolchains/aarch64-linux-android-4.9/prebuilt/linux-x86_64 --sysroot=/home/dw/java/android-ndk-r14b/platforms/android-21/arch-arm64   -isystem /home/dw/java/android-ndk-r14b/sources/cxx-stl/llvm-libc++/include -isystem /home/dw/java/android-ndk-r14b/sources/android/support/include -isystem /home/dw/java/android-ndk-r14b/sources/cxx-stl/llvm-libc++abi/include  -g -DANDROID -ffunction-sections -funwind-tables -fstack-protector-strong -no-canonical-prefixes -Wa,--noexecstack -Wformat -Werror=format-security -std=c++11 -g -DANDROID -ffunction-sections -funwind-tables -fstack-protector-strong -no-canonical-prefixes -Wa,--noexecstack -Wformat -Werror=format-security -std=c++11 -frtti -fexceptions --sysroot=/home/dw/java/android-ndk-r14b/platforms/android-21/arch-arm64  -fPIE   -o CMakeFiles/cmTC_42dda.dir/CMakeCXXCompilerABI.cpp.o -c /home/dw/java/adt-bundle-linux-x86_64-20140321/sdk/cmake/3.6.4111459/share/cmake-3.6/Modules/CMakeCXXCompilerABI.cpp
Linking CXX executable cmTC_42dda
/home/dw/java/adt-bundle-linux-x86_64-20140321/sdk/cmake/3.6.4111459/bin/cmake -E cmake_link_script CMakeFiles/cmTC_42dda.dir/link.txt --verbose=1
/home/dw/java/android-ndk-r14b/toolchains/llvm/prebuilt/linux-x86_64/bin/clang++  --target=aarch64-none-linux-android --gcc-toolchain=/home/dw/java/android-ndk-r14b/toolchains/aarch64-linux-android-4.9/prebuilt/linux-x86_64 --sysroot=/home/dw/java/android-ndk-r14b/platforms/android-21/arch-arm64  -g -DANDROID -ffunction-sections -funwind-tables -fstack-protector-strong -no-canonical-prefixes -Wa,--noexecstack -Wformat -Werror=format-security -std=c++11 -g -DANDROID -ffunction-sections -funwind-tables -fstack-protector-strong -no-canonical-prefixes -Wa,--noexecstack -Wformat -Werror=format-security -std=c++11 -frtti -fexceptions --sysroot=/home/dw/java/android-ndk-r14b/platforms/android-21/arch-arm64   -Wl,--build-id -Wl,--warn-shared-textrel -Wl,--fatal-warnings -L/home/dw/java/android-ndk-r14b/sources/cxx-stl/llvm-libc++/libs/arm64-v8a -Wl,--no-undefined -Wl,-z,noexecstack -Qunused-arguments -Wl,-z,relro -Wl,-z,now -Wl,--gc-sections -Wl,-z,nocopyreloc -pie -fPIE -Wl,--build-id -Wl,--warn-shared-textrel -Wl,--fatal-warnings -L/home/dw/java/android-ndk-r14b/sources/cxx-stl/llvm-libc++/libs/arm64-v8a -Wl,--no-undefined -Wl,-z,noexecstack -Qunused-arguments -Wl,-z,relro -Wl,-z,now -Wl,--gc-sections -Wl,-z,nocopyreloc -pie -fPIE  -v CMakeFiles/cmTC_42dda.dir/CMakeCXXCompilerABI.cpp.o  -o cmTC_42dda  
Android clang version 3.8.275480  (based on LLVM 3.8.275480)
Target: aarch64-none-linux-android
Thread model: posix
InstalledDir: /home/dw/java/android-ndk-r14b/toolchains/llvm/prebuilt/linux-x86_64/bin
Found candidate GCC installation: /home/dw/java/android-ndk-r14b/toolchains/aarch64-linux-android-4.9/prebuilt/linux-x86_64/lib/gcc/aarch64-linux-android/4.9.x
Selected GCC installation: /home/dw/java/android-ndk-r14b/toolchains/aarch64-linux-android-4.9/prebuilt/linux-x86_64/lib/gcc/aarch64-linux-android/4.9.x
Candidate multilib: .;@m64
Selected multilib: .;@m64
 "/home/dw/java/android-ndk-r14b/toolchains/aarch64-linux-android-4.9/prebuilt/linux-x86_64/lib/gcc/aarch64-linux-android/4.9.x/../../../../aarch64-linux-android/bin/ld" --sysroot=/home/dw/java/android-ndk-r14b/platforms/android-21/arch-arm64 -pie -z relro --eh-frame-hdr -m aarch64linux -dynamic-linker /system/bin/linker64 -o cmTC_42dda /home/dw/java/android-ndk-r14b/platforms/android-21/arch-arm64/usr/lib/crtbegin_dynamic.o -L/home/dw/java/android-ndk-r14b/sources/cxx-stl/llvm-libc++/libs/arm64-v8a -L/home/dw/java/android-ndk-r14b/sources/cxx-stl/llvm-libc++/libs/arm64-v8a -L/home/dw/java/android-ndk-r14b/toolchains/aarch64-linux-android-4.9/prebuilt/linux-x86_64/lib/gcc/aarch64-linux-android/4.9.x -L/home/dw/java/android-ndk-r14b/toolchains/aarch64-linux-android-4.9/prebuilt/linux-x86_64/lib/gcc/aarch64-linux-android/4.9.x/../../../../aarch64-linux-android/lib/../lib64 -L/home/dw/java/android-ndk-r14b/toolchains/aarch64-linux-android-4.9/prebuilt/linux-x86_64/lib/gcc/aarch64-linux-android/4.9.x/../../../../aarch64-linux-android/lib -L/home/dw/java/android-ndk-r14b/platforms/android-21/arch-arm64/usr/lib --build-id --warn-shared-textrel --fatal-warnings --no-undefined -z noexecstack -z relro -z now --gc-sections -z nocopyreloc --build-id --warn-shared-textrel --fatal-warnings --no-undefined -z noexecstack -z relro -z now --gc-sections -z nocopyreloc CMakeFiles/cmTC_42dda.dir/CMakeCXXCompilerABI.cpp.o -lstdc++ -lm -lgcc -lgcc -ldl -lc -lgcc -lgcc -ldl /home/dw/java/android-ndk-r14b/platforms/android-21/arch-arm64/usr/lib/crtend_android.o
make[1]:正在离开目录 `/home/dw/workspace/MyApplication/jni/CMakeFiles/CMakeTmp'


Parsed CXX implicit link information from above output:
  link line regex: [^( *|.*[/\])(aarch64-linux-android-ld|([^/\]+-)?ld|collect2)[^/\]*( |$)]
  ignore line: [Change Dir: /home/dw/workspace/MyApplication/jni/CMakeFiles/CMakeTmp]
  ignore line: []
  ignore line: [Run Build Command:"/usr/bin/make" "cmTC_42dda/fast"]
  ignore line: [/usr/bin/make -f CMakeFiles/cmTC_42dda.dir/build.make CMakeFiles/cmTC_42dda.dir/build]
  ignore line: [make[1]: 正在进入目录 `/home/dw/workspace/MyApplication/jni/CMakeFiles/CMakeTmp']
  ignore line: [Building CXX object CMakeFiles/cmTC_42dda.dir/CMakeCXXCompilerABI.cpp.o]
  ignore line: [/home/dw/java/android-ndk-r14b/toolchains/llvm/prebuilt/linux-x86_64/bin/clang++  --target=aarch64-none-linux-android --gcc-toolchain=/home/dw/java/android-ndk-r14b/toolchains/aarch64-linux-android-4.9/prebuilt/linux-x86_64 --sysroot=/home/dw/java/android-ndk-r14b/platforms/android-21/arch-arm64   -isystem /home/dw/java/android-ndk-r14b/sources/cxx-stl/llvm-libc++/include -isystem /home/dw/java/android-ndk-r14b/sources/android/support/include -isystem /home/dw/java/android-ndk-r14b/sources/cxx-stl/llvm-libc++abi/include  -g -DANDROID -ffunction-sections -funwind-tables -fstack-protector-strong -no-canonical-prefixes -Wa,--noexecstack -Wformat -Werror=format-security -std=c++11 -g -DANDROID -ffunction-sections -funwind-tables -fstack-protector-strong -no-canonical-prefixes -Wa,--noexecstack -Wformat -Werror=format-security -std=c++11 -frtti -fexceptions --sysroot=/home/dw/java/android-ndk-r14b/platforms/android-21/arch-arm64  -fPIE   -o CMakeFiles/cmTC_42dda.dir/CMakeCXXCompilerABI.cpp.o -c /home/dw/java/adt-bundle-linux-x86_64-20140321/sdk/cmake/3.6.4111459/share/cmake-3.6/Modules/CMakeCXXCompilerABI.cpp]
  ignore line: [Linking CXX executable cmTC_42dda]
  ignore line: [/home/dw/java/adt-bundle-linux-x86_64-20140321/sdk/cmake/3.6.4111459/bin/cmake -E cmake_link_script CMakeFiles/cmTC_42dda.dir/link.txt --verbose=1]
  ignore line: [/home/dw/java/android-ndk-r14b/toolchains/llvm/prebuilt/linux-x86_64/bin/clang++  --target=aarch64-none-linux-android --gcc-toolchain=/home/dw/java/android-ndk-r14b/toolchains/aarch64-linux-android-4.9/prebuilt/linux-x86_64 --sysroot=/home/dw/java/android-ndk-r14b/platforms/android-21/arch-arm64  -g -DANDROID -ffunction-sections -funwind-tables -fstack-protector-strong -no-canonical-prefixes -Wa,--noexecstack -Wformat -Werror=format-security -std=c++11 -g -DANDROID -ffunction-sections -funwind-tables -fstack-protector-strong -no-canonical-prefixes -Wa,--noexecstack -Wformat -Werror=format-security -std=c++11 -frtti -fexceptions --sysroot=/home/dw/java/android-ndk-r14b/platforms/android-21/arch-arm64   -Wl,--build-id -Wl,--warn-shared-textrel -Wl,--fatal-warnings -L/home/dw/java/android-ndk-r14b/sources/cxx-stl/llvm-libc++/libs/arm64-v8a -Wl,--no-undefined -Wl,-z,noexecstack -Qunused-arguments -Wl,-z,relro -Wl,-z,now -Wl,--gc-sections -Wl,-z,nocopyreloc -pie -fPIE -Wl,--build-id -Wl,--warn-shared-textrel -Wl,--fatal-warnings -L/home/dw/java/android-ndk-r14b/sources/cxx-stl/llvm-libc++/libs/arm64-v8a -Wl,--no-undefined -Wl,-z,noexecstack -Qunused-arguments -Wl,-z,relro -Wl,-z,now -Wl,--gc-sections -Wl,-z,nocopyreloc -pie -fPIE  -v CMakeFiles/cmTC_42dda.dir/CMakeCXXCompilerABI.cpp.o  -o cmTC_42dda  ]
  ignore line: [Android clang version 3.8.275480  (based on LLVM 3.8.275480)]
  ignore line: [Target: aarch64-none-linux-android]
  ignore line: [Thread model: posix]
  ignore line: [InstalledDir: /home/dw/java/android-ndk-r14b/toolchains/llvm/prebuilt/linux-x86_64/bin]
  ignore line: [Found candidate GCC installation: /home/dw/java/android-ndk-r14b/toolchains/aarch64-linux-android-4.9/prebuilt/linux-x86_64/lib/gcc/aarch64-linux-android/4.9.x]
  ignore line: [Selected GCC installation: /home/dw/java/android-ndk-r14b/toolchains/aarch64-linux-android-4.9/prebuilt/linux-x86_64/lib/gcc/aarch64-linux-android/4.9.x]
  ignore line: [Candidate multilib: .]
  ignore line: [@m64]
  ignore line: [Selected multilib: .]
  ignore line: [@m64]
  link line: [ "/home/dw/java/android-ndk-r14b/toolchains/aarch64-linux-android-4.9/prebuilt/linux-x86_64/lib/gcc/aarch64-linux-android/4.9.x/../../../../aarch64-linux-android/bin/ld" --sysroot=/home/dw/java/android-ndk-r14b/platforms/android-21/arch-arm64 -pie -z relro --eh-frame-hdr -m aarch64linux -dynamic-linker /system/bin/linker64 -o cmTC_42dda /home/dw/java/android-ndk-r14b/platforms/android-21/arch-arm64/usr/lib/crtbegin_dynamic.o -L/home/dw/java/android-ndk-r14b/sources/cxx-stl/llvm-libc++/libs/arm64-v8a -L/home/dw/java/android-ndk-r14b/sources/cxx-stl/llvm-libc++/libs/arm64-v8a -L/home/dw/java/android-ndk-r14b/toolchains/aarch64-linux-android-4.9/prebuilt/linux-x86_64/lib/gcc/aarch64-linux-android/4.9.x -L/home/dw/java/android-ndk-r14b/toolchains/aarch64-linux-android-4.9/prebuilt/linux-x86_64/lib/gcc/aarch64-linux-android/4.9.x/../../../../aarch64-linux-android/lib/../lib64 -L/home/dw/java/android-ndk-r14b/toolchains/aarch64-linux-android-4.9/prebuilt/linux-x86_64/lib/gcc/aarch64-linux-android/4.9.x/../../../../aarch64-linux-android/lib -L/home/dw/java/android-ndk-r14b/platforms/android-21/arch-arm64/usr/lib --build-id --warn-shared-textrel --fatal-warnings --no-undefined -z noexecstack -z relro -z now --gc-sections -z nocopyreloc --build-id --warn-shared-textrel --fatal-warnings --no-undefined -z noexecstack -z relro -z now --gc-sections -z nocopyreloc CMakeFiles/cmTC_42dda.dir/CMakeCXXCompilerABI.cpp.o -lstdc++ -lm -lgcc -lgcc -ldl -lc -lgcc -lgcc -ldl /home/dw/java/android-ndk-r14b/platforms/android-21/arch-arm64/usr/lib/crtend_android.o]
    arg [/home/dw/java/android-ndk-r14b/toolchains/aarch64-linux-android-4.9/prebuilt/linux-x86_64/lib/gcc/aarch64-linux-android/4.9.x/../../../../aarch64-linux-android/bin/ld] ==> ignore
    arg [--sysroot=/home/dw/java/android-ndk-r14b/platforms/android-21/arch-arm64] ==> ignore
    arg [-pie] ==> ignore
    arg [-zrelro] ==> ignore
    arg [--eh-frame-hdr] ==> ignore
    arg [-m] ==> ignore
    arg [aarch64linux] ==> ignore
    arg [-dynamic-linker] ==> ignore
    arg [/system/bin/linker64] ==> ignore
    arg [-o] ==> ignore
    arg [cmTC_42dda] ==> ignore
    arg [/home/dw/java/android-ndk-r14b/platforms/android-21/arch-arm64/usr/lib/crtbegin_dynamic.o] ==> ignore
    arg [-L/home/dw/java/android-ndk-r14b/sources/cxx-stl/llvm-libc++/libs/arm64-v8a] ==> dir [/home/dw/java/android-ndk-r14b/sources/cxx-stl/llvm-libc++/libs/arm64-v8a]
    arg [-L/home/dw/java/android-ndk-r14b/sources/cxx-stl/llvm-libc++/libs/arm64-v8a] ==> dir [/home/dw/java/android-ndk-r14b/sources/cxx-stl/llvm-libc++/libs/arm64-v8a]
    arg [-L/home/dw/java/android-ndk-r14b/toolchains/aarch64-linux-android-4.9/prebuilt/linux-x86_64/lib/gcc/aarch64-linux-android/4.9.x] ==> dir [/home/dw/java/android-ndk-r14b/toolchains/aarch64-linux-android-4.9/prebuilt/linux-x86_64/lib/gcc/aarch64-linux-android/4.9.x]
    arg [-L/home/dw/java/android-ndk-r14b/toolchains/aarch64-linux-android-4.9/prebuilt/linux-x86_64/lib/gcc/aarch64-linux-android/4.9.x/../../../../aarch64-linux-android/lib/../lib64] ==> dir [/home/dw/java/android-ndk-r14b/toolchains/aarch64-linux-android-4.9/prebuilt/linux-x86_64/lib/gcc/aarch64-linux-android/4.9.x/../../../../aarch64-linux-android/lib/../lib64]
    arg [-L/home/dw/java/android-ndk-r14b/toolchains/aarch64-linux-android-4.9/prebuilt/linux-x86_64/lib/gcc/aarch64-linux-android/4.9.x/../../../../aarch64-linux-android/lib] ==> dir [/home/dw/java/android-ndk-r14b/toolchains/aarch64-linux-android-4.9/prebuilt/linux-x86_64/lib/gcc/aarch64-linux-android/4.9.x/../../../../aarch64-linux-android/lib]
    arg [-L/home/dw/java/android-ndk-r14b/platforms/android-21/arch-arm64/usr/lib] ==> dir [/home/dw/java/android-ndk-r14b/platforms/android-21/arch-arm64/usr/lib]
    arg [--build-id] ==> ignore
    arg [--warn-shared-textrel] ==> ignore
    arg [--fatal-warnings] ==> ignore
    arg [--no-undefined] ==> ignore
    arg [-znoexecstack] ==> ignore
    arg [-zrelro] ==> ignore
    arg [-znow] ==> ignore
    arg [--gc-sections] ==> ignore
    arg [-znocopyreloc] ==> ignore
    arg [--build-id] ==> ignore
    arg [--warn-shared-textrel] ==> ignore
    arg [--fatal-warnings] ==> ignore
    arg [--no-undefined] ==> ignore
    arg [-znoexecstack] ==> ignore
    arg [-zrelro] ==> ignore
    arg [-znow] ==> ignore
    arg [--gc-sections] ==> ignore
    arg [-znocopyreloc] ==> ignore
    arg [CMakeFiles/cmTC_42dda.dir/CMakeCXXCompilerABI.cpp.o] ==> ignore
    arg [-lstdc++] ==> lib [stdc++]
    arg [-lm] ==> lib [m]
    arg [-lgcc] ==> lib [gcc]
    arg [-lgcc] ==> lib [gcc]
    arg [-ldl] ==> lib [dl]
    arg [-lc] ==> lib [c]
    arg [-lgcc] ==> lib [gcc]
    arg [-lgcc] ==> lib [gcc]
    arg [-ldl] ==> lib [dl]
    arg [/home/dw/java/android-ndk-r14b/platforms/android-21/arch-arm64/usr/lib/crtend_android.o] ==> ignore
  remove lib [gcc]
  remove lib [gcc]
  remove lib [gcc]
  remove lib [gcc]
  collapse library dir [/home/dw/java/android-ndk-r14b/sources/cxx-stl/llvm-libc++/libs/arm64-v8a] ==> [/home/dw/java/android-ndk-r14b/sources/cxx-stl/llvm-libc++/libs/arm64-v8a]
  collapse library dir [/home/dw/java/android-ndk-r14b/sources/cxx-stl/llvm-libc++/libs/arm64-v8a] ==> [/home/dw/java/android-ndk-r14b/sources/cxx-stl/llvm-libc++/libs/arm64-v8a]
  collapse library dir [/home/dw/java/android-ndk-r14b/toolchains/aarch64-linux-android-4.9/prebuilt/linux-x86_64/lib/gcc/aarch64-linux-android/4.9.x] ==> [/home/dw/java/android-ndk-r14b/toolchains/aarch64-linux-android-4.9/prebuilt/linux-x86_64/lib/gcc/aarch64-linux-android/4.9.x]
  collapse library dir [/home/dw/java/android-ndk-r14b/toolchains/aarch64-linux-android-4.9/prebuilt/linux-x86_64/lib/gcc/aarch64-linux-android/4.9.x/../../../../aarch64-linux-android/lib/../lib64] ==> [/home/dw/java/android-ndk-r14b/toolchains/aarch64-linux-android-4.9/prebuilt/linux-x86_64/aarch64-linux-android/lib64]
  collapse library dir [/home/dw/java/android-ndk-r14b/toolchains/aarch64-linux-android-4.9/prebuilt/linux-x86_64/lib/gcc/aarch64-linux-android/4.9.x/../../../../aarch64-linux-android/lib] ==> [/home/dw/java/android-ndk-r14b/toolchains/aarch64-linux-android-4.9/prebuilt/linux-x86_64/aarch64-linux-android/lib]
  collapse library dir [/home/dw/java/android-ndk-r14b/platforms/android-21/arch-arm64/usr/lib] ==> [/home/dw/java/android-ndk-r14b/platforms/android-21/arch-arm64/usr/lib]
  implicit libs: [stdc++;m;dl;c;dl]
  implicit dirs: [/home/dw/java/android-ndk-r14b/sources/cxx-stl/llvm-libc++/libs/arm64-v8a;/home/dw/java/android-ndk-r14b/toolchains/aarch64-linux-android-4.9/prebuilt/linux-x86_64/lib/gcc/aarch64-linux-android/4.9.x;/home/dw/java/android-ndk-r14b/toolchains/aarch64-linux-android-4.9/prebuilt/linux-x86_64/aarch64-linux-android/lib64;/home/dw/java/android-ndk-r14b/toolchains/aarch64-linux-android-4.9/prebuilt/linux-x86_64/aarch64-linux-android/lib;/home/dw/java/android-ndk-r14b/platforms/android-21/arch-arm64/usr/lib]
  implicit fwks: []




Detecting CXX [-std=c++14] compiler features compiled with the following output:
Change Dir: /home/dw/workspace/MyApplication/jni/CMakeFiles/CMakeTmp

Run Build Command:"/usr/bin/make" "cmTC_32c7f/fast"
/usr/bin/make -f CMakeFiles/cmTC_32c7f.dir/build.make CMakeFiles/cmTC_32c7f.dir/build
make[1]: 正在进入目录 `/home/dw/workspace/MyApplication/jni/CMakeFiles/CMakeTmp'
Building CXX object CMakeFiles/cmTC_32c7f.dir/feature_tests.cxx.o
/home/dw/java/android-ndk-r14b/toolchains/llvm/prebuilt/linux-x86_64/bin/clang++  --target=aarch64-none-linux-android --gcc-toolchain=/home/dw/java/android-ndk-r14b/toolchains/aarch64-linux-android-4.9/prebuilt/linux-x86_64 --sysroot=/home/dw/java/android-ndk-r14b/platforms/android-21/arch-arm64   -isystem /home/dw/java/android-ndk-r14b/sources/cxx-stl/llvm-libc++/include -isystem /home/dw/java/android-ndk-r14b/sources/android/support/include -isystem /home/dw/java/android-ndk-r14b/sources/cxx-stl/llvm-libc++abi/include  -g -DANDROID -ffunction-sections -funwind-tables -fstack-protector-strong -no-canonical-prefixes -Wa,--noexecstack -Wformat -Werror=format-security -std=c++11 -g -DANDROID -ffunction-sections -funwind-tables -fstack-protector-strong -no-canonical-prefixes -Wa,--noexecstack -Wformat -Werror=format-security -std=c++11 -frtti -fexceptions --sysroot=/home/dw/java/android-ndk-r14b/platforms/android-21/arch-arm64  -fPIE   -std=c++14 -o CMakeFiles/cmTC_32c7f.dir/feature_tests.cxx.o -c /home/dw/workspace/MyApplication/jni/CMakeFiles/feature_tests.cxx
Linking CXX executable cmTC_32c7f
/home/dw/java/adt-bundle-linux-x86_64-20140321/sdk/cmake/3.6.4111459/bin/cmake -E cmake_link_script CMakeFiles/cmTC_32c7f.dir/link.txt --verbose=1
/home/dw/java/android-ndk-r14b/toolchains/llvm/prebuilt/linux-x86_64/bin/clang++  --target=aarch64-none-linux-android --gcc-toolchain=/home/dw/java/android-ndk-r14b/toolchains/aarch64-linux-android-4.9/prebuilt/linux-x86_64 --sysroot=/home/dw/java/android-ndk-r14b/platforms/android-21/arch-arm64  -g -DANDROID -ffunction-sections -funwind-tables -fstack-protector-strong -no-canonical-prefixes -Wa,--noexecstack -Wformat -Werror=format-security -std=c++11 -g -DANDROID -ffunction-sections -funwind-tables -fstack-protector-strong -no-canonical-prefixes -Wa,--noexecstack -Wformat -Werror=format-security -std=c++11 -frtti -fexceptions --sysroot=/home/dw/java/android-ndk-r14b/platforms/android-21/arch-arm64   -Wl,--build-id -Wl,--warn-shared-textrel -Wl,--fatal-warnings -L/home/dw/java/android-ndk-r14b/sources/cxx-stl/llvm-libc++/libs/arm64-v8a -Wl,--no-undefined -Wl,-z,noexecstack -Qunused-arguments -Wl,-z,relro -Wl,-z,now -Wl,--gc-sections -Wl,-z,nocopyreloc -pie -fPIE -Wl,--build-id -Wl,--warn-shared-textrel -Wl,--fatal-warnings -L/home/dw/java/android-ndk-r14b/sources/cxx-stl/llvm-libc++/libs/arm64-v8a -Wl,--no-undefined -Wl,-z,noexecstack -Qunused-arguments -Wl,-z,relro -Wl,-z,now -Wl,--gc-sections -Wl,-z,nocopyreloc -pie -fPIE   CMakeFiles/cmTC_32c7f.dir/feature_tests.cxx.o  -o cmTC_32c7f -lm "/home/dw/java/android-ndk-r14b/sources/cxx-stl/llvm-libc++/libs/arm64-v8a/libc++.a" 
make[1]:正在离开目录 `/home/dw/workspace/MyApplication/jni/CMakeFiles/CMakeTmp'


    Feature record: CXX_FEATURE:1cxx_aggregate_default_initializers
    Feature record: CXX_FEATURE:1cxx_alias_templates
    Feature record: CXX_FEATURE:1cxx_alignas
    Feature record: CXX_FEATURE:1cxx_alignof
    Feature record: CXX_FEATURE:1cxx_attributes
    Feature record: CXX_FEATURE:1cxx_attribute_deprecated
    Feature record: CXX_FEATURE:1cxx_auto_type
    Feature record: CXX_FEATURE:1cxx_binary_literals
    Feature record: CXX_FEATURE:1cxx_constexpr
    Feature record: CXX_FEATURE:1cxx_contextual_conversions
    Feature record: CXX_FEATURE:1cxx_decltype
    Feature record: CXX_FEATURE:1cxx_decltype_auto
    Feature record: CXX_FEATURE:1cxx_decltype_incomplete_return_types
    Feature record: CXX_FEATURE:1cxx_default_function_template_args
    Feature record: CXX_FEATURE:1cxx_defaulted_functions
    Feature record: CXX_FEATURE:1cxx_defaulted_move_initializers
    Feature record: CXX_FEATURE:1cxx_delegating_constructors
    Feature record: CXX_FEATURE:1cxx_deleted_functions
    Feature record: CXX_FEATURE:1cxx_digit_separators
    Feature record: CXX_FEATURE:1cxx_enum_forward_declarations
    Feature record: CXX_FEATURE:1cxx_explicit_conversions
    Feature record: CXX_FEATURE:1cxx_extended_friend_declarations
    Feature record: CXX_FEATURE:1cxx_extern_templates
    Feature record: CXX_FEATURE:1cxx_final
    Feature record: CXX_FEATURE:1cxx_func_identifier
    Feature record: CXX_FEATURE:1cxx_generalized_initializers
    Feature record: CXX_FEATURE:1cxx_generic_lambdas
    Feature record: CXX_FEATURE:1cxx_inheriting_constructors
    Feature record: CXX_FEATURE:1cxx_inline_namespaces
    Feature record: CXX_FEATURE:1cxx_lambdas
    Feature record: CXX_FEATURE:1cxx_lambda_init_captures
    Feature record: CXX_FEATURE:1cxx_local_type_template_args
    Feature record: CXX_FEATURE:1cxx_long_long_type
    Feature record: CXX_FEATURE:1cxx_noexcept
    Feature record: CXX_FEATURE:1cxx_nonstatic_member_init
    Feature record: CXX_FEATURE:1cxx_nullptr
    Feature record: CXX_FEATURE:1cxx_override
    Feature record: CXX_FEATURE:1cxx_range_for
    Feature record: CXX_FEATURE:1cxx_raw_string_literals
    Feature record: CXX_FEATURE:1cxx_reference_qualified_functions
    Feature record: CXX_FEATURE:1cxx_relaxed_constexpr
    Feature record: CXX_FEATURE:1cxx_return_type_deduction
    Feature record: CXX_FEATURE:1cxx_right_angle_brackets
    Feature record: CXX_FEATURE:1cxx_rvalue_references
    Feature record: CXX_FEATURE:1cxx_sizeof_member
    Feature record: CXX_FEATURE:1cxx_static_assert
    Feature record: CXX_FEATURE:1cxx_strong_enums
    Feature record: CXX_FEATURE:1cxx_template_template_parameters
    Feature record: CXX_FEATURE:1cxx_thread_local
    Feature record: CXX_FEATURE:1cxx_trailing_return_types
    Feature record: CXX_FEATURE:1cxx_unicode_literals
    Feature record: CXX_FEATURE:1cxx_uniform_initialization
    Feature record: CXX_FEATURE:1cxx_unrestricted_unions
    Feature record: CXX_FEATURE:1cxx_user_literals
    Feature record: CXX_FEATURE:1cxx_variable_templates
    Feature record: CXX_FEATURE:1cxx_variadic_macros
    Feature record: CXX_FEATURE:1cxx_variadic_templates


Detecting CXX [-std=c++11] compiler features compiled with the following output:
Change Dir: /home/dw/workspace/MyApplication/jni/CMakeFiles/CMakeTmp

Run Build Command:"/usr/bin/make" "cmTC_07cad/fast"
/usr/bin/make -f CMakeFiles/cmTC_07cad.dir/build.make CMakeFiles/cmTC_07cad.dir/build
make[1]: 正在进入目录 `/home/dw/workspace/MyApplication/jni/CMakeFiles/CMakeTmp'
Building CXX object CMakeFiles/cmTC_07cad.dir/feature_tests.cxx.o
/home/dw/java/android-ndk-r14b/toolchains/llvm/prebuilt/linux-x86_64/bin/clang++  --target=aarch64-none-linux-android --gcc-toolchain=/home/dw/java/android-ndk-r14b/toolchains/aarch64-linux-android-4.9/prebuilt/linux-x86_64 --sysroot=/home/dw/java/android-ndk-r14b/platforms/android-21/arch-arm64   -isystem /home/dw/java/android-ndk-r14b/sources/cxx-stl/llvm-libc++/include -isystem /home/dw/java/android-ndk-r14b/sources/android/support/include -isystem /home/dw/java/android-ndk-r14b/sources/cxx-stl/llvm-libc++abi/include  -g -DANDROID -ffunction-sections -funwind-tables -fstack-protector-strong -no-canonical-prefixes -Wa,--noexecstack -Wformat -Werror=format-security -std=c++11 -g -DANDROID -ffunction-sections -funwind-tables -fstack-protector-strong -no-canonical-prefixes -Wa,--noexecstack -Wformat -Werror=format-security -std=c++11 -frtti -fexceptions --sysroot=/home/dw/java/android-ndk-r14b/platforms/android-21/arch-arm64  -fPIE   -std=c++11 -o CMakeFiles/cmTC_07cad.dir/feature_tests.cxx.o -c /home/dw/workspace/MyApplication/jni/CMakeFiles/feature_tests.cxx
Linking CXX executable cmTC_07cad
/home/dw/java/adt-bundle-linux-x86_64-20140321/sdk/cmake/3.6.4111459/bin/cmake -E cmake_link_script CMakeFiles/cmTC_07cad.dir/link.txt --verbose=1
/home/dw/java/android-ndk-r14b/toolchains/llvm/prebuilt/linux-x86_64/bin/clang++  --target=aarch64-none-linux-android --gcc-toolchain=/home/dw/java/android-ndk-r14b/toolchains/aarch64-linux-android-4.9/prebuilt/linux-x86_64 --sysroot=/home/dw/java/android-ndk-r14b/platforms/android-21/arch-arm64  -g -DANDROID -ffunction-sections -funwind-tables -fstack-protector-strong -no-canonical-prefixes -Wa,--noexecstack -Wformat -Werror=format-security -std=c++11 -g -DANDROID -ffunction-sections -funwind-tables -fstack-protector-strong -no-canonical-prefixes -Wa,--noexecstack -Wformat -Werror=format-security -std=c++11 -frtti -fexceptions --sysroot=/home/dw/java/android-ndk-r14b/platforms/android-21/arch-arm64   -Wl,--build-id -Wl,--warn-shared-textrel -Wl,--fatal-warnings -L/home/dw/java/android-ndk-r14b/sources/cxx-stl/llvm-libc++/libs/arm64-v8a -Wl,--no-undefined -Wl,-z,noexecstack -Qunused-arguments -Wl,-z,relro -Wl,-z,now -Wl,--gc-sections -Wl,-z,nocopyreloc -pie -fPIE -Wl,--build-id -Wl,--warn-shared-textrel -Wl,--fatal-warnings -L/home/dw/java/android-ndk-r14b/sources/cxx-stl/llvm-libc++/libs/arm64-v8a -Wl,--no-undefined -Wl,-z,noexecstack -Qunused-arguments -Wl,-z,relro -Wl,-z,now -Wl,--gc-sections -Wl,-z,nocopyreloc -pie -fPIE   CMakeFiles/cmTC_07cad.dir/feature_tests.cxx.o  -o cmTC_07cad -lm "/home/dw/java/android-ndk-r14b/sources/cxx-stl/llvm-libc++/libs/arm64-v8a/libc++.a" 
make[1]:正在离开目录 `/home/dw/workspace/MyApplication/jni/CMakeFiles/CMakeTmp'


    Feature record: CXX_FEATURE:0cxx_aggregate_default_initializers
    Feature record: CXX_FEATURE:1cxx_alias_templates
    Feature record: CXX_FEATURE:1cxx_alignas
    Feature record: CXX_FEATURE:1cxx_alignof
    Feature record: CXX_FEATURE:1cxx_attributes
    Feature record: CXX_FEATURE:0cxx_attribute_deprecated
    Feature record: CXX_FEATURE:1cxx_auto_type
    Feature record: CXX_FEATURE:0cxx_binary_literals
    Feature record: CXX_FEATURE:1cxx_constexpr
    Feature record: CXX_FEATURE:0cxx_contextual_conversions
    Feature record: CXX_FEATURE:1cxx_decltype
    Feature record: CXX_FEATURE:0cxx_decltype_auto
    Feature record: CXX_FEATURE:1cxx_decltype_incomplete_return_types
    Feature record: CXX_FEATURE:1cxx_default_function_template_args
    Feature record: CXX_FEATURE:1cxx_defaulted_functions
    Feature record: CXX_FEATURE:1cxx_defaulted_move_initializers
    Feature record: CXX_FEATURE:1cxx_delegating_constructors
    Feature record: CXX_FEATURE:1cxx_deleted_functions
    Feature record: CXX_FEATURE:0cxx_digit_separators
    Feature record: CXX_FEATURE:1cxx_enum_forward_declarations
    Feature record: CXX_FEATURE:1cxx_explicit_conversions
    Feature record: CXX_FEATURE:1cxx_extended_friend_declarations
    Feature record: CXX_FEATURE:1cxx_extern_templates
    Feature record: CXX_FEATURE:1cxx_final
    Feature record: CXX_FEATURE:1cxx_func_identifier
    Feature record: CXX_FEATURE:1cxx_generalized_initializers
    Feature record: CXX_FEATURE:0cxx_generic_lambdas
    Feature record: CXX_FEATURE:1cxx_inheriting_constructors
    Feature record: CXX_FEATURE:1cxx_inline_namespaces
    Feature record: CXX_FEATURE:1cxx_lambdas
    Feature record: CXX_FEATURE:0cxx_lambda_init_captures
    Feature record: CXX_FEATURE:1cxx_local_type_template_args
    Feature record: CXX_FEATURE:1cxx_long_long_type
    Feature record: CXX_FEATURE:1cxx_noexcept
    Feature record: CXX_FEATURE:1cxx_nonstatic_member_init
    Feature record: CXX_FEATURE:1cxx_nullptr
    Feature record: CXX_FEATURE:1cxx_override
    Feature record: CXX_FEATURE:1cxx_range_for
    Feature record: CXX_FEATURE:1cxx_raw_string_literals
    Feature record: CXX_FEATURE:1cxx_reference_qualified_functions
    Feature record: CXX_FEATURE:0cxx_relaxed_constexpr
    Feature record: CXX_FEATURE:0cxx_return_type_deduction
    Feature record: CXX_FEATURE:1cxx_right_angle_brackets
    Feature record: CXX_FEATURE:1cxx_rvalue_references
    Feature record: CXX_FEATURE:1cxx_sizeof_member
    Feature record: CXX_FEATURE:1cxx_static_assert
    Feature record: CXX_FEATURE:1cxx_strong_enums
    Feature record: CXX_FEATURE:1cxx_template_template_parameters
    Feature record: CXX_FEATURE:1cxx_thread_local
    Feature record: CXX_FEATURE:1cxx_trailing_return_types
    Feature record: CXX_FEATURE:1cxx_unicode_literals
    Feature record: CXX_FEATURE:1cxx_uniform_initialization
    Feature record: CXX_FEATURE:1cxx_unrestricted_unions
    Feature record: CXX_FEATURE:1cxx_user_literals
    Feature record: CXX_FEATURE:0cxx_variable_templates
    Feature record: CXX_FEATURE:1cxx_variadic_macros
    Feature record: CXX_FEATURE:1cxx_variadic_templates


Detecting CXX [-std=c++98] compiler features compiled with the following output:
Change Dir: /home/dw/workspace/MyApplication/jni/CMakeFiles/CMakeTmp

Run Build Command:"/usr/bin/make" "cmTC_d80b3/fast"
/usr/bin/make -f CMakeFiles/cmTC_d80b3.dir/build.make CMakeFiles/cmTC_d80b3.dir/build
make[1]: 正在进入目录 `/home/dw/workspace/MyApplication/jni/CMakeFiles/CMakeTmp'
Building CXX object CMakeFiles/cmTC_d80b3.dir/feature_tests.cxx.o
/home/dw/java/android-ndk-r14b/toolchains/llvm/prebuilt/linux-x86_64/bin/clang++  --target=aarch64-none-linux-android --gcc-toolchain=/home/dw/java/android-ndk-r14b/toolchains/aarch64-linux-android-4.9/prebuilt/linux-x86_64 --sysroot=/home/dw/java/android-ndk-r14b/platforms/android-21/arch-arm64   -isystem /home/dw/java/android-ndk-r14b/sources/cxx-stl/llvm-libc++/include -isystem /home/dw/java/android-ndk-r14b/sources/android/support/include -isystem /home/dw/java/android-ndk-r14b/sources/cxx-stl/llvm-libc++abi/include  -g -DANDROID -ffunction-sections -funwind-tables -fstack-protector-strong -no-canonical-prefixes -Wa,--noexecstack -Wformat -Werror=format-security -std=c++11 -g -DANDROID -ffunction-sections -funwind-tables -fstack-protector-strong -no-canonical-prefixes -Wa,--noexecstack -Wformat -Werror=format-security -std=c++11 -frtti -fexceptions --sysroot=/home/dw/java/android-ndk-r14b/platforms/android-21/arch-arm64  -fPIE   -std=c++98 -o CMakeFiles/cmTC_d80b3.dir/feature_tests.cxx.o -c /home/dw/workspace/MyApplication/jni/CMakeFiles/feature_tests.cxx
Linking CXX executable cmTC_d80b3
/home/dw/java/adt-bundle-linux-x86_64-20140321/sdk/cmake/3.6.4111459/bin/cmake -E cmake_link_script CMakeFiles/cmTC_d80b3.dir/link.txt --verbose=1
/home/dw/java/android-ndk-r14b/toolchains/llvm/prebuilt/linux-x86_64/bin/clang++  --target=aarch64-none-linux-android --gcc-toolchain=/home/dw/java/android-ndk-r14b/toolchains/aarch64-linux-android-4.9/prebuilt/linux-x86_64 --sysroot=/home/dw/java/android-ndk-r14b/platforms/android-21/arch-arm64  -g -DANDROID -ffunction-sections -funwind-tables -fstack-protector-strong -no-canonical-prefixes -Wa,--noexecstack -Wformat -Werror=format-security -std=c++11 -g -DANDROID -ffunction-sections -funwind-tables -fstack-protector-strong -no-canonical-prefixes -Wa,--noexecstack -Wformat -Werror=format-security -std=c++11 -frtti -fexceptions --sysroot=/home/dw/java/android-ndk-r14b/platforms/android-21/arch-arm64   -Wl,--build-id -Wl,--warn-shared-textrel -Wl,--fatal-warnings -L/home/dw/java/android-ndk-r14b/sources/cxx-stl/llvm-libc++/libs/arm64-v8a -Wl,--no-undefined -Wl,-z,noexecstack -Qunused-arguments -Wl,-z,relro -Wl,-z,now -Wl,--gc-sections -Wl,-z,nocopyreloc -pie -fPIE -Wl,--build-id -Wl,--warn-shared-textrel -Wl,--fatal-warnings -L/home/dw/java/android-ndk-r14b/sources/cxx-stl/llvm-libc++/libs/arm64-v8a -Wl,--no-undefined -Wl,-z,noexecstack -Qunused-arguments -Wl,-z,relro -Wl,-z,now -Wl,--gc-sections -Wl,-z,nocopyreloc -pie -fPIE   CMakeFiles/cmTC_d80b3.dir/feature_tests.cxx.o  -o cmTC_d80b3 -lm "/home/dw/java/android-ndk-r14b/sources/cxx-stl/llvm-libc++/libs/arm64-v8a/libc++.a" 
make[1]:正在离开目录 `/home/dw/workspace/MyApplication/jni/CMakeFiles/CMakeTmp'


    Feature record: CXX_FEATURE:0cxx_aggregate_default_initializers
    Feature record: CXX_FEATURE:0cxx_alias_templates
    Feature record: CXX_FEATURE:0cxx_alignas
    Feature record: CXX_FEATURE:0cxx_alignof
    Feature record: CXX_FEATURE:0cxx_attributes
    Feature record: CXX_FEATURE:0cxx_attribute_deprecated
    Feature record: CXX_FEATURE:0cxx_auto_type
    Feature record: CXX_FEATURE:0cxx_binary_literals
    Feature record: CXX_FEATURE:0cxx_constexpr
    Feature record: CXX_FEATURE:0cxx_contextual_conversions
    Feature record: CXX_FEATURE:0cxx_decltype
    Feature record: CXX_FEATURE:0cxx_decltype_auto
    Feature record: CXX_FEATURE:0cxx_decltype_incomplete_return_types
    Feature record: CXX_FEATURE:0cxx_default_function_template_args
    Feature record: CXX_FEATURE:0cxx_defaulted_functions
    Feature record: CXX_FEATURE:0cxx_defaulted_move_initializers
    Feature record: CXX_FEATURE:0cxx_delegating_constructors
    Feature record: CXX_FEATURE:0cxx_deleted_functions
    Feature record: CXX_FEATURE:0cxx_digit_separators
    Feature record: CXX_FEATURE:0cxx_enum_forward_declarations
    Feature record: CXX_FEATURE:0cxx_explicit_conversions
    Feature record: CXX_FEATURE:0cxx_extended_friend_declarations
    Feature record: CXX_FEATURE:0cxx_extern_templates
    Feature record: CXX_FEATURE:0cxx_final
    Feature record: CXX_FEATURE:0cxx_func_identifier
    Feature record: CXX_FEATURE:0cxx_generalized_initializers
    Feature record: CXX_FEATURE:0cxx_generic_lambdas
    Feature record: CXX_FEATURE:0cxx_inheriting_constructors
    Feature record: CXX_FEATURE:0cxx_inline_namespaces
    Feature record: CXX_FEATURE:0cxx_lambdas
    Feature record: CXX_FEATURE:0cxx_lambda_init_captures
    Feature record: CXX_FEATURE:0cxx_local_type_template_args
    Feature record: CXX_FEATURE:0cxx_long_long_type
    Feature record: CXX_FEATURE:0cxx_noexcept
    Feature record: CXX_FEATURE:0cxx_nonstatic_member_init
    Feature record: CXX_FEATURE:0cxx_nullptr
    Feature record: CXX_FEATURE:0cxx_override
    Feature record: CXX_FEATURE:0cxx_range_for
    Feature record: CXX_FEATURE:0cxx_raw_string_literals
    Feature record: CXX_FEATURE:0cxx_reference_qualified_functions
    Feature record: CXX_FEATURE:0cxx_relaxed_constexpr
    Feature record: CXX_FEATURE:0cxx_return_type_deduction
    Feature record: CXX_FEATURE:0cxx_right_angle_brackets
    Feature record: CXX_FEATURE:0cxx_rvalue_references
    Feature record: CXX_FEATURE:0cxx_sizeof_member
    Feature record: CXX_FEATURE:0cxx_static_assert
    Feature record: CXX_FEATURE:0cxx_strong_enums
    Feature record: CXX_FEATURE:1cxx_template_template_parameters
    Feature record: CXX_FEATURE:0cxx_thread_local
    Feature record: CXX_FEATURE:0cxx_trailing_return_types
    Feature record: CXX_FEATURE:0cxx_unicode_literals
    Feature record: CXX_FEATURE:0cxx_uniform_initialization
    Feature record: CXX_FEATURE:0cxx_unrestricted_unions
    Feature record: CXX_FEATURE:0cxx_user_literals
    Feature record: CXX_FEATURE:0cxx_variable_templates
    Feature record: CXX_FEATURE:0cxx_variadic_macros
    Feature record: CXX_FEATURE:0cxx_variadic_templates
